
mtx-context     | run 1: luatex --fmt="/var/lib/texmf/luatex-cache/context/b47c3d3cee7cb6c86268d0595268c442/formats/luatex/cont-en" --jobname="Dennis_Gonor_Software_engineer_us" --lua="/var/lib/texmf/luatex-cache/context/b47c3d3cee7cb6c86268d0595268c442/formats/luatex/cont-en.lui" --no-parse-first-line --c:currentrun=1 --c:fulljobname="./Dennis_Gonor_Software_engineer_us.tex" --c:input="./Dennis_Gonor_Software_engineer_us.tex" --c:kindofrun=1 --c:maxnofruns=9 "cont-yes.mkiv"
This is LuaTeX, Version 0.95.0 (TeX Live 2016/Debian) 
 system commands enabled.
open source     > 1 > 1 > /usr/share/texmf/tex/context/base/mkiv/cont-yes.mkiv

ConTeXt  ver: 2016.05.17 19:20 MKIV current  fmt: 2019.10.21  int: english/english

system          > 'cont-new.mkiv' loaded
open source     > 2 > 2 > /usr/share/texmf/tex/context/base/mkiv/cont-new.mkiv
close source    > 2 > 2 > /usr/share/texmf/tex/context/base/mkiv/cont-new.mkiv
system          > files > jobname 'Dennis_Gonor_Software_engineer_us', input './Dennis_Gonor_Software_engineer_us', result 'Dennis_Gonor_Software_engineer_us'
fonts           > latin modern fonts are not preloaded
languages       > language 'en' is active
open source     > 2 > 3 > /home/bitnami/pandoc_resume/output/Dennis_Gonor_Software_engineer_us.tex
colors          > defining > unknown library 'hex'
open source     > 3 > 4 > /usr/share/texmf/tex/context/fonts/mkiv/type-imp-texgyre.mkiv
close source    > 3 > 4 > /usr/share/texmf/tex/context/fonts/mkiv/type-imp-texgyre.mkiv
structure       > sectioning > section @ level 3 : 0.0.1 -> Dennis Gonor
structure       > sectioning > subsection @ level 4 : 0.0.1.1 -> Summary
structure       > sectioning > subsection @ level 4 : 0.0.1.2 -> Experience
setup           > error in line 1, namespace 'xtable', key 'head'
setup           > error in line 1, namespace 'xtable', key 'head'
setup           > error in line 1, namespace 'xtable', key 'head'
floatblocks     > '1' placed
setup           > error in line 1, namespace 'xtable', key 'head'
setup           > error in line 1, namespace 'xtable', key 'head'
setup           > error in line 1, namespace 'xtable', key 'head'
floatblocks     > '2' placed
setup           > error in line 1, namespace 'xtable', key 'head'
setup           > error in line 1, namespace 'xtable', key 'head'
setup           > error in line 1, namespace 'xtable', key 'head'
backend         > xmp > using file '/usr/share/texmf/tex/context/base/mkiv/lpdf-pdx.xml'
pages           > flushing realpage 1, userpage 1
floatblocks     > '3' placed
structure       > sectioning > subsection @ level 4 : 0.0.1.3 -> Technical Experience
structure       > sectioning > subsection @ level 4 : 0.0.1.4 -> Education
setup           > error in line 1, namespace 'xtable', key 'head'
setup           > error in line 1, namespace 'xtable', key 'head'
setup           > error in line 1, namespace 'xtable', key 'head'
floatblocks     > '4' placed
setup           > error in line 1, namespace 'xtable', key 'head'
setup           > error in line 1, namespace 'xtable', key 'head'
setup           > error in line 1, namespace 'xtable', key 'head'
floatblocks     > '5' placed
setup           > error in line 1, namespace 'xtable', key 'head'
setup           > error in line 1, namespace 'xtable', key 'head'
setup           > error in line 1, namespace 'xtable', key 'head'
floatblocks     > '6' placed
structure       > sectioning > subsection @ level 4 : 0.0.1.5 -> Skills & Interests
pages           > flushing realpage 2, userpage 2
close source    > 2 > 4 > /home/bitnami/pandoc_resume/output/Dennis_Gonor_Software_engineer_us.tex
close source    > 1 > 4 > /usr/share/texmf/tex/context/base/mkiv/cont-yes.mkiv

mkiv lua stats  > used config file: /usr/share/texmf/web2c/texmfcnf.lua;/usr/share/texlive/texmf-dist/web2c/texmfcnf.lua
mkiv lua stats  > used cache path: readable: '/var/lib/texmf/luatex-cache/context/b47c3d3cee7cb6c86268d0595268c442' | readable+writable: '/home/bitnami/.texlive2016/texmf-var/luatex-cache/context/b47c3d3cee7cb6c86268d0595268c442'
mkiv lua stats  > resource resolver: loadtime 0.011 seconds, 0 scans with scantime 0.000 seconds, 0 shared scans, 11 found files, scanned paths: <none>
mkiv lua stats  > stored bytecode data: 387 modules (0.230 sec), 82 tables (0.012 sec), 469 chunks (0.241 sec)
mkiv lua stats  > traced context: maxstack: 1177, freed: 2, unreachable: 1175
mkiv lua stats  > cleaned up reserved nodes: 56 nodes, 9 lists of 444
mkiv lua stats  > node memory usage: 108 hlist, 36 vlist, 12 rule, 24 boundary, 18 disc, 12 local_par, 24 dir, 163 glue, 100 kern, 38 penalty, 250 glyph, 584 attribute, 38 glue_spec, 130 attribute_list, 2 temp
mkiv lua stats  > node list callback tasks: 6 unique task lists, 6 instances (re)created, 489 calls
mkiv lua stats  > h-node processing time: 0.011 seconds including kernel
mkiv lua stats  > used backend: pdf (backend for directly generating pdf output)
mkiv lua stats  > jobdata time: 0.002 seconds saving, 0.001 seconds loading
mkiv lua stats  > callbacks: 1159 direct, 972 indirect, 2131 total
mkiv lua stats  > randomizer: resumed with value 0.95484113132341
mkiv lua stats  > loaded patterns: en::2, load time: 0.000
mkiv lua stats  > interactive elements: 9 references, 9 destinations
mkiv lua stats  > result saved in file: Dennis_Gonor_Software_engineer_us.pdf, compresslevel 3, objectcompresslevel 3
mkiv lua stats  > loaded fonts: 3 files: latinmodern-math.otf, texgyreheros-bold.otf, texgyreheros-regular.otf
mkiv lua stats  > font engine: otf 3.020, afm 1.512, tfm 1.000, 9 instances, 4 shared in backend, 0 common vectors, 4 common hashes, load time 0.215 seconds 
mkiv lua stats  > pdf annotations: 9 links (9 unique), 0 special
mkiv lua stats  > used platform: linux-64, type: unix, binary subtree: usr
mkiv lua stats  > luatex banner: this is luatex, version 0.95.0 (tex live 2016/debian)
mkiv lua stats  > control sequences: 44176 of 65536 + 100000
mkiv lua stats  > lua properties: engine: lua, used memory: 75 MB (ctx: 75 MB), hash type: lua, hash chars: min(64,40), symbol mask: utf (τεχ)
mkiv lua stats  > runtime: 0.651 seconds, 2 processed pages, 2 shipped pages, 3.072 pages/second

mtx-context     | run 2: luatex --fmt="/var/lib/texmf/luatex-cache/context/b47c3d3cee7cb6c86268d0595268c442/formats/luatex/cont-en" --jobname="Dennis_Gonor_Software_engineer_us" --lua="/var/lib/texmf/luatex-cache/context/b47c3d3cee7cb6c86268d0595268c442/formats/luatex/cont-en.lui" --no-parse-first-line --c:currentrun=2 --c:fulljobname="./Dennis_Gonor_Software_engineer_us.tex" --c:input="./Dennis_Gonor_Software_engineer_us.tex" --c:kindofrun=2 --c:maxnofruns=9 "cont-yes.mkiv"
This is LuaTeX, Version 0.95.0 (TeX Live 2016/Debian) 
 system commands enabled.
open source     > 1 > 1 > /usr/share/texmf/tex/context/base/mkiv/cont-yes.mkiv

ConTeXt  ver: 2016.05.17 19:20 MKIV current  fmt: 2019.10.21  int: english/english

system          > 'cont-new.mkiv' loaded
open source     > 2 > 2 > /usr/share/texmf/tex/context/base/mkiv/cont-new.mkiv
close source    > 2 > 2 > /usr/share/texmf/tex/context/base/mkiv/cont-new.mkiv
system          > files > jobname 'Dennis_Gonor_Software_engineer_us', input './Dennis_Gonor_Software_engineer_us', result 'Dennis_Gonor_Software_engineer_us'
fonts           > latin modern fonts are not preloaded
languages       > language 'en' is active
open source     > 2 > 3 > /home/bitnami/pandoc_resume/output/Dennis_Gonor_Software_engineer_us.tex
colors          > defining > unknown library 'hex'
open source     > 3 > 4 > /usr/share/texmf/tex/context/fonts/mkiv/type-imp-texgyre.mkiv
close source    > 3 > 4 > /usr/share/texmf/tex/context/fonts/mkiv/type-imp-texgyre.mkiv
structure       > sectioning > section @ level 3 : 0.0.1 -> Dennis Gonor
structure       > sectioning > subsection @ level 4 : 0.0.1.1 -> Summary
structure       > sectioning > subsection @ level 4 : 0.0.1.2 -> Experience
setup           > error in line 1, namespace 'xtable', key 'head'
setup           > error in line 1, namespace 'xtable', key 'head'
setup           > error in line 1, namespace 'xtable', key 'head'
floatblocks     > '1' placed
setup           > error in line 1, namespace 'xtable', key 'head'
setup           > error in line 1, namespace 'xtable', key 'head'
setup           > error in line 1, namespace 'xtable', key 'head'
floatblocks     > '2' placed
setup           > error in line 1, namespace 'xtable', key 'head'
setup           > error in line 1, namespace 'xtable', key 'head'
setup           > error in line 1, namespace 'xtable', key 'head'
backend         > xmp > using file '/usr/share/texmf/tex/context/base/mkiv/lpdf-pdx.xml'
pages           > flushing realpage 1, userpage 1
floatblocks     > '3' placed
structure       > sectioning > subsection @ level 4 : 0.0.1.3 -> Technical Experience
structure       > sectioning > subsection @ level 4 : 0.0.1.4 -> Education
setup           > error in line 1, namespace 'xtable', key 'head'
setup           > error in line 1, namespace 'xtable', key 'head'
setup           > error in line 1, namespace 'xtable', key 'head'
floatblocks     > '4' placed
setup           > error in line 1, namespace 'xtable', key 'head'
setup           > error in line 1, namespace 'xtable', key 'head'
setup           > error in line 1, namespace 'xtable', key 'head'
floatblocks     > '5' placed
setup           > error in line 1, namespace 'xtable', key 'head'
setup           > error in line 1, namespace 'xtable', key 'head'
setup           > error in line 1, namespace 'xtable', key 'head'
floatblocks     > '6' placed
structure       > sectioning > subsection @ level 4 : 0.0.1.5 -> Skills & Interests
pages           > flushing realpage 2, userpage 2
close source    > 2 > 4 > /home/bitnami/pandoc_resume/output/Dennis_Gonor_Software_engineer_us.tex
close source    > 1 > 4 > /usr/share/texmf/tex/context/base/mkiv/cont-yes.mkiv

mkiv lua stats  > used config file: /usr/share/texmf/web2c/texmfcnf.lua;/usr/share/texlive/texmf-dist/web2c/texmfcnf.lua
mkiv lua stats  > used cache path: readable: '/var/lib/texmf/luatex-cache/context/b47c3d3cee7cb6c86268d0595268c442' | readable+writable: '/home/bitnami/.texlive2016/texmf-var/luatex-cache/context/b47c3d3cee7cb6c86268d0595268c442'
mkiv lua stats  > resource resolver: loadtime 0.016 seconds, 0 scans with scantime 0.000 seconds, 0 shared scans, 11 found files, scanned paths: <none>
mkiv lua stats  > stored bytecode data: 387 modules (0.229 sec), 82 tables (0.010 sec), 469 chunks (0.240 sec)
mkiv lua stats  > traced context: maxstack: 1177, freed: 2, unreachable: 1175
mkiv lua stats  > cleaned up reserved nodes: 56 nodes, 9 lists of 444
mkiv lua stats  > node memory usage: 108 hlist, 36 vlist, 12 rule, 24 boundary, 18 disc, 12 local_par, 24 dir, 163 glue, 100 kern, 38 penalty, 250 glyph, 584 attribute, 38 glue_spec, 130 attribute_list, 2 temp
mkiv lua stats  > node list callback tasks: 6 unique task lists, 6 instances (re)created, 489 calls
mkiv lua stats  > h-node processing time: 0.011 seconds including kernel
mkiv lua stats  > used backend: pdf (backend for directly generating pdf output)
mkiv lua stats  > jobdata time: 0.001 seconds saving, 0.001 seconds loading
mkiv lua stats  > callbacks: 1159 direct, 972 indirect, 2131 total
mkiv lua stats  > randomizer: resumed with value 0.95484113132341
mkiv lua stats  > loaded patterns: en::2, load time: 0.000
mkiv lua stats  > interactive elements: 9 references, 9 destinations
mkiv lua stats  > result saved in file: Dennis_Gonor_Software_engineer_us.pdf, compresslevel 3, objectcompresslevel 3
mkiv lua stats  > loaded fonts: 3 files: latinmodern-math.otf, texgyreheros-bold.otf, texgyreheros-regular.otf
mkiv lua stats  > font engine: otf 3.020, afm 1.512, tfm 1.000, 9 instances, 4 shared in backend, 0 common vectors, 4 common hashes, load time 0.194 seconds 
mkiv lua stats  > pdf annotations: 9 links (9 unique), 0 special
mkiv lua stats  > used platform: linux-64, type: unix, binary subtree: usr
mkiv lua stats  > luatex banner: this is luatex, version 0.95.0 (tex live 2016/debian)
mkiv lua stats  > control sequences: 44175 of 65536 + 100000
mkiv lua stats  > lua properties: engine: lua, used memory: 76 MB (ctx: 76 MB), hash type: lua, hash chars: min(64,40), symbol mask: utf (τεχ)
mkiv lua stats  > runtime: 0.621 seconds, 2 processed pages, 2 shipped pages, 3.221 pages/second

system          | total runtime: 1.811 seconds
